2025-06-30 13:44:05,319 - INFO - 成功获取页面: https://money.163.com/
2025-06-30 13:44:07,946 - INFO - 成功获取页面: https://money.163.com/
2025-06-30 13:44:08,031 - INFO - 从首页获取到 139 个新闻链接
2025-06-30 13:58:08,473 - INFO - 开始爬取网易财经新闻...
2025-06-30 13:58:11,141 - INFO - 成功获取页面: https://money.163.com/
2025-06-30 13:58:11,231 - INFO - 从首页获取到 141 个新闻链接
2025-06-30 13:58:11,231 - INFO - 正在处理第 1/20 条新闻: 网易经济学家年会
2025-06-30 13:58:12,674 - INFO - 成功获取页面: https://money.163.com/special/2025naecsummer/
2025-06-30 13:58:12,691 - INFO - 成功获取新闻: 网易经济学家年会...
2025-06-30 13:58:14,543 - INFO - 正在处理第 2/20 条新闻: 股市市场最后机会
2025-06-30 13:58:17,189 - INFO - 成功获取页面: http://money.163.com/
2025-06-30 13:58:17,265 - INFO - 成功获取新闻: 股市市场最后机会...
2025-06-30 13:58:18,623 - INFO - 正在处理第 3/20 条新闻: 网易财经智库
2025-06-30 13:58:21,388 - INFO - 成功获取页面: https://money.163.com/special/wycjzk-pc/
2025-06-30 13:58:21,435 - INFO - 成功获取新闻: 网易财经智库...
2025-06-30 13:58:23,393 - INFO - 正在处理第 4/20 条新闻: 2025网易经济学家年会
2025-06-30 13:58:25,098 - INFO - 成功获取页面: https://money.163.com/special/2025naecwinter/
2025-06-30 13:58:25,127 - INFO - 成功获取新闻: 2025网易经济学家年会...
2025-06-30 13:58:26,207 - INFO - 正在处理第 5/20 条新闻: 2024网易新能量 乳制品行业评选
2025-06-30 13:58:29,090 - INFO - 成功获取页面: http://money.163.com/special/2024new_power/
2025-06-30 13:58:29,114 - INFO - 成功获取新闻: 2024网易新能量 乳制品行业评选...
2025-06-30 13:58:31,059 - INFO - 正在处理第 6/20 条新闻: 2024网易财经ESG趋势论坛
2025-06-30 13:58:34,159 - INFO - 成功获取页面: https://money.163.com/special/2024esg/
2025-06-30 13:58:34,186 - INFO - 成功获取新闻: 2024网易财经ESG趋势论坛...
2025-06-30 13:58:36,140 - INFO - 正在处理第 7/20 条新闻: 有态度的财经门户
2025-06-30 13:58:37,295 - INFO - 成功获取页面: https://money.163.com/
2025-06-30 13:58:37,372 - INFO - 成功获取新闻: 有态度的财经门户...
2025-06-30 13:58:39,362 - INFO - 正在处理第 8/20 条新闻: IPO情报站
2025-06-30 13:58:40,702 - INFO - 成功获取页面: https://money.163.com/special/ipo_news/
2025-06-30 13:58:40,717 - INFO - 成功获取新闻: IPO情报站...
2025-06-30 13:58:41,869 - INFO - 正在处理第 9/20 条新闻: 网易财经智库
2025-06-30 13:58:43,504 - INFO - 成功获取页面: https://money.163.com/special/wangyiyanjiuju2017/
2025-06-30 13:58:43,520 - INFO - 成功获取新闻: 网易财经智库...
2025-06-30 13:58:44,691 - INFO - 正在处理第 10/20 条新闻: 上市公司研究院
2025-06-30 13:58:46,891 - INFO - 成功获取页面: https://money.163.com/special/public_company/
2025-06-30 13:58:46,903 - INFO - 成功获取新闻: 上市公司研究院...
2025-06-30 13:58:47,971 - INFO - 正在处理第 11/20 条新闻: 午评：创业板指半日涨近1% 军工股再度爆发
2025-06-30 13:58:50,268 - INFO - 成功获取页面: https://www.163.com/money/article/K3A2V8KL00258105.html
2025-06-30 13:58:50,283 - INFO - 成功获取新闻: 午评：创业板指半日涨近1% 军工股再度爆发...
2025-06-30 13:58:51,586 - INFO - 正在处理第 12/20 条新闻: 美国关税收入6月再创新高，关税确能减少财政赤字且未推高通胀
2025-06-30 13:58:53,124 - INFO - 成功获取页面: https://www.163.com/dy/article/K36F4IJ905562QC9.html
2025-06-30 13:58:53,140 - INFO - 成功获取新闻: 美国关税收入6月再创新高，关税确能减少财政赤字且未推高通胀...
2025-06-30 13:58:54,194 - INFO - 正在处理第 13/20 条新闻: 特朗普称“不需延长最后期限，将给各国指定税率”，“亲爱的日本，你们要付25%汽车关税”
2025-06-30 13:58:56,320 - INFO - 成功获取页面: https://www.163.com/dy/article/K39PHC0005198NMR.html
2025-06-30 13:58:56,340 - INFO - 成功获取新闻: 特朗普称“不需延长最后期限，将给各国指定税率”，“亲爱的日本...
2025-06-30 13:58:57,817 - INFO - 正在处理第 14/20 条新闻: 胖东来关闭多家门店，红极一时的胖东来怎么了？
2025-06-30 13:58:59,154 - INFO - 成功获取页面: https://www.163.com/dy/article/K37AI2TN0519A56K.html
2025-06-30 13:58:59,171 - INFO - 成功获取新闻: 胖东来关闭多家门店，红极一时的胖东来怎么了？...
2025-06-30 13:59:01,023 - INFO - 正在处理第 15/20 条新闻: 冯仑：没有标准答案的人生
2025-06-30 13:59:03,601 - INFO - 成功获取页面: https://www.163.com/dy/article/K3A21E7V0519DHNF.html
2025-06-30 13:59:03,617 - INFO - 成功获取新闻: 冯仑：没有标准答案的人生...
2025-06-30 13:59:04,768 - INFO - 正在处理第 16/20 条新闻: 曾两次创业失败，52岁老板如今年销5亿，把充电宝卖到美国
2025-06-30 13:59:07,384 - INFO - 成功获取页面: https://www.163.com/dy/article/K3A44LEE05118513.html
2025-06-30 13:59:07,402 - INFO - 成功获取新闻: 曾两次创业失败，52岁老板如今年销5亿，把充电宝卖到美国...
2025-06-30 13:59:08,922 - INFO - 正在处理第 17/20 条新闻: 成都先导重组折戟 海纳医药曲线上市梦碎
2025-06-30 13:59:11,485 - INFO - 成功获取页面: https://www.163.com/dy/article/K38TVB510519DFFO.html
2025-06-30 13:59:11,502 - INFO - 成功获取新闻: 成都先导重组折戟 海纳医药曲线上市梦碎...
2025-06-30 13:59:12,939 - INFO - 正在处理第 18/20 条新闻: 陶冬：一不小心，日本实现了财政盈余
2025-06-30 13:59:14,669 - INFO - 成功获取页面: https://www.163.com/dy/article/K37QT59R0519IGF7.html
2025-06-30 13:59:14,707 - INFO - 成功获取新闻: 陶冬：一不小心，日本实现了财政盈余...
2025-06-30 13:59:16,449 - INFO - 正在处理第 19/20 条新闻: 鼎晖重仓了一个人形机器人“水下项目”
2025-06-30 13:59:17,829 - INFO - 成功获取页面: https://www.163.com/dy/article/K3A13O2C05199LET.html
2025-06-30 13:59:17,845 - INFO - 成功获取新闻: 鼎晖重仓了一个人形机器人“水下项目”...
2025-06-30 13:59:19,795 - INFO - 正在处理第 20/20 条新闻: 火的不只是“苏超”！新疆办了场国际级足球赛｜这座城市有点东西
2025-06-30 13:59:22,255 - INFO - 成功获取页面: https://www.163.com/dy/article/K38L3QTK0519DBFP.html
2025-06-30 13:59:22,272 - INFO - 成功获取新闻: 火的不只是“苏超”！新疆办了场国际级足球赛｜这座城市有点东西...
2025-06-30 13:59:23,335 - INFO - 爬取完成，共获取 20 条新闻
2025-06-30 19:32:39,140 - site_detector - INFO - 开始检测所有配置的新闻网站...
2025-06-30 19:32:39,140 - site_detector - INFO - 
正在检测: 网易财经
2025-06-30 19:32:39,140 - site_detector - INFO - 测试网站连通性: https://money.163.com/
2025-06-30 19:32:40,396 - site_detector - INFO - ✓ 网站可访问: https://money.163.com/ (状态码: 200)
2025-06-30 19:32:40,397 - site_detector - INFO - 测试网站连通性: https://money.163.com/
2025-06-30 19:32:40,519 - site_detector - INFO - ✓ 网站可访问: https://money.163.com/ (状态码: 200)
2025-06-30 19:32:40,585 - site_detector - INFO - ✓ 找到标题选择器: h1 (找到 1 个)
2025-06-30 19:32:40,591 - site_detector - INFO - ✓ 找到链接选择器: a[href*='money.163.com'] (找到 35 个)
2025-06-30 19:32:40,650 - site_detector - INFO - ✓ 网易财经: 网站结构检测通过
2025-06-30 19:32:41,651 - site_detector - INFO - 
正在检测: 新浪财经
2025-06-30 19:32:41,651 - site_detector - INFO - 测试网站连通性: https://finance.sina.com.cn/
2025-06-30 19:32:43,851 - site_detector - INFO - ✓ 网站可访问: https://finance.sina.com.cn/ (状态码: 200)
2025-06-30 19:32:43,851 - site_detector - INFO - 测试网站连通性: https://finance.sina.com.cn/
2025-06-30 19:32:44,129 - site_detector - INFO - ✓ 网站可访问: https://finance.sina.com.cn/ (状态码: 200)
2025-06-30 19:32:44,185 - site_detector - INFO - ✓ 找到标题选择器: h1 (找到 1 个)
2025-06-30 19:32:44,192 - site_detector - INFO - ✓ 找到链接选择器: a[href*='finance.sina.com.cn'] (找到 811 个)
2025-06-30 19:32:44,199 - site_detector - INFO - ✓ 新浪财经: 网站结构检测通过
2025-06-30 19:32:45,200 - site_detector - INFO - 
正在检测: 腾讯财经
2025-06-30 19:32:45,200 - site_detector - INFO - 测试网站连通性: https://finance.qq.com/
2025-06-30 19:32:45,686 - site_detector - INFO - ✓ 网站可访问: https://finance.qq.com/ (状态码: 200)
2025-06-30 19:32:45,686 - site_detector - INFO - 测试网站连通性: https://finance.qq.com/
2025-06-30 19:32:45,880 - site_detector - INFO - ✓ 网站可访问: https://finance.qq.com/ (状态码: 200)
2025-06-30 19:32:45,884 - site_detector - WARNING - ⚠ 腾讯财经: 未找到有效的标题和链接选择器
2025-06-30 19:32:46,885 - site_detector - INFO - 
正在检测: 央视网财经
2025-06-30 19:32:46,885 - site_detector - INFO - 测试网站连通性: http://finance.cctv.com/
2025-06-30 19:32:47,056 - site_detector - INFO - ✓ 网站可访问: http://finance.cctv.com/ (状态码: 200)
2025-06-30 19:32:47,056 - site_detector - INFO - 测试网站连通性: http://finance.cctv.com/
2025-06-30 19:32:47,098 - site_detector - INFO - ✓ 网站可访问: http://finance.cctv.com/ (状态码: 200)
2025-06-30 19:32:47,105 - site_detector - INFO - ✓ 找到标题选择器: h2 (找到 8 个)
2025-06-30 19:32:47,106 - site_detector - INFO - ✓ 找到链接选择器: a[href*='finance.cctv.com'] (找到 55 个)
2025-06-30 19:32:47,112 - site_detector - INFO - ✓ 央视网财经: 网站结构检测通过
2025-06-30 19:32:48,113 - site_detector - INFO - 
正在检测: 人民网财经
2025-06-30 19:32:48,113 - site_detector - INFO - 测试网站连通性: http://finance.people.com.cn/
2025-06-30 19:32:48,242 - site_detector - INFO - ✓ 网站可访问: http://finance.people.com.cn/ (状态码: 200)
2025-06-30 19:32:48,242 - site_detector - INFO - 测试网站连通性: http://finance.people.com.cn/
2025-06-30 19:32:48,270 - site_detector - INFO - ✓ 网站可访问: http://finance.people.com.cn/ (状态码: 200)
2025-06-30 19:32:48,291 - site_detector - INFO - ✓ 找到标题选择器: h1 (找到 1 个)
2025-06-30 19:32:48,293 - site_detector - INFO - ✓ 找到链接选择器: a[href*='finance.people.com.cn'] (找到 70 个)
2025-06-30 19:32:48,310 - site_detector - INFO - ✓ 人民网财经: 网站结构检测通过
2025-06-30 19:32:49,311 - site_detector - INFO - 开始检测所有配置的新闻网站...
2025-06-30 19:32:49,311 - site_detector - INFO - 
正在检测: 网易财经
2025-06-30 19:32:49,312 - site_detector - INFO - 测试网站连通性: https://money.163.com/
2025-06-30 19:32:49,411 - site_detector - INFO - ✓ 网站可访问: https://money.163.com/ (状态码: 200)
2025-06-30 19:32:49,411 - site_detector - INFO - 测试网站连通性: https://money.163.com/
2025-06-30 19:32:49,476 - site_detector - INFO - ✓ 网站可访问: https://money.163.com/ (状态码: 200)
2025-06-30 19:32:49,565 - site_detector - INFO - ✓ 找到标题选择器: h1 (找到 1 个)
2025-06-30 19:32:49,571 - site_detector - INFO - ✓ 找到链接选择器: a[href*='money.163.com'] (找到 35 个)
2025-06-30 19:32:49,628 - site_detector - INFO - ✓ 网易财经: 网站结构检测通过
2025-06-30 19:32:50,629 - site_detector - INFO - 
正在检测: 新浪财经
2025-06-30 19:32:50,629 - site_detector - INFO - 测试网站连通性: https://finance.sina.com.cn/
2025-06-30 19:32:51,780 - site_detector - INFO - ✓ 网站可访问: https://finance.sina.com.cn/ (状态码: 200)
2025-06-30 19:32:51,781 - site_detector - INFO - 测试网站连通性: https://finance.sina.com.cn/
2025-06-30 19:32:53,085 - site_detector - INFO - ✓ 网站可访问: https://finance.sina.com.cn/ (状态码: 200)
2025-06-30 19:32:53,094 - site_detector - INFO - ✓ 找到标题选择器: h2 (找到 1 个)
2025-06-30 19:32:53,095 - site_detector - INFO - ✓ 找到链接选择器: a[href*='finance.sina.com.cn'] (找到 201 个)
2025-06-30 19:32:53,103 - site_detector - INFO - ✓ 新浪财经: 网站结构检测通过
2025-06-30 19:32:54,103 - site_detector - INFO - 
正在检测: 腾讯财经
2025-06-30 19:32:54,104 - site_detector - INFO - 测试网站连通性: https://finance.qq.com/
2025-06-30 19:32:54,558 - site_detector - INFO - ✓ 网站可访问: https://finance.qq.com/ (状态码: 200)
2025-06-30 19:32:54,558 - site_detector - INFO - 测试网站连通性: https://finance.qq.com/
2025-06-30 19:32:54,773 - site_detector - INFO - ✓ 网站可访问: https://finance.qq.com/ (状态码: 200)
2025-06-30 19:32:54,778 - site_detector - WARNING - ⚠ 腾讯财经: 未找到有效的标题和链接选择器
2025-06-30 19:32:55,779 - site_detector - INFO - 
正在检测: 央视网财经
2025-06-30 19:32:55,779 - site_detector - INFO - 测试网站连通性: http://finance.cctv.com/
2025-06-30 19:32:55,821 - site_detector - INFO - ✓ 网站可访问: http://finance.cctv.com/ (状态码: 200)
2025-06-30 19:32:55,821 - site_detector - INFO - 测试网站连通性: http://finance.cctv.com/
2025-06-30 19:32:55,864 - site_detector - INFO - ✓ 网站可访问: http://finance.cctv.com/ (状态码: 200)
2025-06-30 19:32:55,871 - site_detector - INFO - ✓ 找到标题选择器: h2 (找到 8 个)
2025-06-30 19:32:55,872 - site_detector - INFO - ✓ 找到链接选择器: a[href*='finance.cctv.com'] (找到 55 个)
2025-06-30 19:32:55,878 - site_detector - INFO - ✓ 央视网财经: 网站结构检测通过
2025-06-30 19:32:56,879 - site_detector - INFO - 
正在检测: 人民网财经
2025-06-30 19:32:56,879 - site_detector - INFO - 测试网站连通性: http://finance.people.com.cn/
2025-06-30 19:32:56,907 - site_detector - INFO - ✓ 网站可访问: http://finance.people.com.cn/ (状态码: 200)
2025-06-30 19:32:56,907 - site_detector - INFO - 测试网站连通性: http://finance.people.com.cn/
2025-06-30 19:32:56,934 - site_detector - INFO - ✓ 网站可访问: http://finance.people.com.cn/ (状态码: 200)
2025-06-30 19:32:56,952 - site_detector - INFO - ✓ 找到标题选择器: h1 (找到 1 个)
2025-06-30 19:32:56,954 - site_detector - INFO - ✓ 找到链接选择器: a[href*='finance.people.com.cn'] (找到 70 个)
2025-06-30 19:32:56,973 - site_detector - INFO - ✓ 人民网财经: 网站结构检测通过
2025-06-30 19:32:58,022 - universal_spider - INFO - 使用指定网站: 网易财经
2025-06-30 19:32:58,022 - universal_spider - INFO - ✓ 选定网站: 网易财经
2025-06-30 19:32:58,023 - universal_spider - INFO - ✓ 网站地址: https://money.163.com/
2025-06-30 19:32:58,023 - universal_spider - INFO - 开始爬取 网易财经 新闻...
2025-06-30 19:32:59,523 - universal_spider - INFO - 正在提取新闻链接...
2025-06-30 19:32:59,529 - universal_spider - INFO - 使用选择器 'a[href*='money.163.com']' 找到 26 个链接
2025-06-30 19:32:59,529 - universal_spider - INFO - 找到 20 个新闻链接
2025-06-30 19:32:59,530 - universal_spider - INFO - 正在处理第 1/3 个新闻...
2025-06-30 19:33:02,491 - universal_spider - INFO - ✓ 成功: 网易财经ESG 更多...
2025-06-30 19:33:02,492 - universal_spider - INFO - 正在处理第 2/3 个新闻...
2025-06-30 19:33:04,228 - universal_spider - INFO - ✓ 成功: 涨跌幅限制放宽至10 哪些ST股迎调整？...
2025-06-30 19:33:04,229 - universal_spider - INFO - 正在处理第 3/3 个新闻...
2025-06-30 19:33:06,976 - universal_spider - INFO - ✓ 成功: 员工偷拍6岁女童，西贝亲子餐厅翻车！...
2025-06-30 19:33:06,976 - universal_spider - INFO - 爬取完成: 成功 3/3 条新闻
2025-06-30 19:41:31,547 - site_detector - INFO - 开始检测所有配置的新闻网站...
2025-06-30 19:41:31,547 - site_detector - INFO - 
正在检测: 网易财经
2025-06-30 19:41:31,547 - site_detector - INFO - 测试网站连通性: https://money.163.com/
2025-06-30 19:41:31,654 - site_detector - INFO - ✓ 网站可访问: https://money.163.com/ (状态码: 200)
2025-06-30 19:41:31,655 - site_detector - INFO - 测试网站连通性: https://money.163.com/
2025-06-30 19:41:31,673 - site_detector - INFO - ✓ 网站可访问: https://money.163.com/ (状态码: 200)
2025-06-30 19:41:31,740 - site_detector - INFO - ✓ 找到标题选择器: h1 (找到 1 个)
2025-06-30 19:41:31,747 - site_detector - INFO - ✓ 找到链接选择器: a[href*='money.163.com'] (找到 35 个)
2025-06-30 19:41:31,812 - site_detector - INFO - ✓ 网易财经: 网站结构检测通过
2025-06-30 19:41:32,812 - site_detector - INFO - 
正在检测: 新浪财经
2025-06-30 19:41:32,813 - site_detector - INFO - 测试网站连通性: https://finance.sina.com.cn/
2025-06-30 19:41:34,702 - site_detector - INFO - ✓ 网站可访问: https://finance.sina.com.cn/ (状态码: 200)
2025-06-30 19:41:34,702 - site_detector - INFO - 测试网站连通性: https://finance.sina.com.cn/
2025-06-30 19:41:35,085 - site_detector - INFO - ✓ 网站可访问: https://finance.sina.com.cn/ (状态码: 200)
2025-06-30 19:41:35,143 - site_detector - INFO - ✓ 找到标题选择器: h1 (找到 1 个)
2025-06-30 19:41:35,150 - site_detector - INFO - ✓ 找到链接选择器: a[href*='finance.sina.com.cn'] (找到 811 个)
2025-06-30 19:41:35,157 - site_detector - INFO - ✓ 新浪财经: 网站结构检测通过
2025-06-30 19:41:36,158 - site_detector - INFO - 
正在检测: 腾讯财经
2025-06-30 19:41:36,158 - site_detector - INFO - 测试网站连通性: https://finance.qq.com/
2025-06-30 19:41:36,556 - site_detector - INFO - ✓ 网站可访问: https://finance.qq.com/ (状态码: 200)
2025-06-30 19:41:36,557 - site_detector - INFO - 测试网站连通性: https://finance.qq.com/
2025-06-30 19:41:36,843 - site_detector - INFO - ✓ 网站可访问: https://finance.qq.com/ (状态码: 200)
2025-06-30 19:41:36,848 - site_detector - WARNING - ⚠ 腾讯财经: 未找到有效的标题和链接选择器
2025-06-30 19:41:37,848 - site_detector - INFO - 
正在检测: 央视网财经
2025-06-30 19:41:37,849 - site_detector - INFO - 测试网站连通性: http://finance.cctv.com/
2025-06-30 19:41:37,986 - site_detector - INFO - ✓ 网站可访问: http://finance.cctv.com/ (状态码: 200)
2025-06-30 19:41:37,986 - site_detector - INFO - 测试网站连通性: http://finance.cctv.com/
2025-06-30 19:41:38,033 - site_detector - INFO - ✓ 网站可访问: http://finance.cctv.com/ (状态码: 200)
2025-06-30 19:41:38,041 - site_detector - INFO - ✓ 找到标题选择器: h2 (找到 8 个)
2025-06-30 19:41:38,042 - site_detector - INFO - ✓ 找到链接选择器: a[href*='finance.cctv.com'] (找到 55 个)
2025-06-30 19:41:38,049 - site_detector - INFO - ✓ 央视网财经: 网站结构检测通过
2025-06-30 19:41:39,049 - site_detector - INFO - 
正在检测: 人民网财经
2025-06-30 19:41:39,049 - site_detector - INFO - 测试网站连通性: http://finance.people.com.cn/
2025-06-30 19:41:39,169 - site_detector - INFO - ✓ 网站可访问: http://finance.people.com.cn/ (状态码: 200)
2025-06-30 19:41:39,170 - site_detector - INFO - 测试网站连通性: http://finance.people.com.cn/
2025-06-30 19:41:39,206 - site_detector - INFO - ✓ 网站可访问: http://finance.people.com.cn/ (状态码: 200)
2025-06-30 19:41:39,227 - site_detector - INFO - ✓ 找到标题选择器: h1 (找到 1 个)
2025-06-30 19:41:39,230 - site_detector - INFO - ✓ 找到链接选择器: a[href*='finance.people.com.cn'] (找到 70 个)
2025-06-30 19:41:39,247 - site_detector - INFO - ✓ 人民网财经: 网站结构检测通过
2025-06-30 19:41:40,249 - site_detector - INFO - 开始检测所有配置的新闻网站...
2025-06-30 19:41:40,250 - site_detector - INFO - 
正在检测: 网易财经
2025-06-30 19:41:40,250 - site_detector - INFO - 测试网站连通性: https://money.163.com/
2025-06-30 19:41:40,271 - site_detector - INFO - ✓ 网站可访问: https://money.163.com/ (状态码: 200)
2025-06-30 19:41:40,271 - site_detector - INFO - 测试网站连通性: https://money.163.com/
2025-06-30 19:41:40,289 - site_detector - INFO - ✓ 网站可访问: https://money.163.com/ (状态码: 200)
2025-06-30 19:41:40,381 - site_detector - INFO - ✓ 找到标题选择器: h1 (找到 1 个)
2025-06-30 19:41:40,388 - site_detector - INFO - ✓ 找到链接选择器: a[href*='money.163.com'] (找到 35 个)
2025-06-30 19:41:40,448 - site_detector - INFO - ✓ 网易财经: 网站结构检测通过
2025-06-30 19:41:41,448 - site_detector - INFO - 
正在检测: 新浪财经
2025-06-30 19:41:41,449 - site_detector - INFO - 测试网站连通性: https://finance.sina.com.cn/
2025-06-30 19:41:41,612 - site_detector - INFO - ✓ 网站可访问: https://finance.sina.com.cn/ (状态码: 200)
2025-06-30 19:41:41,612 - site_detector - INFO - 测试网站连通性: https://finance.sina.com.cn/
2025-06-30 19:41:42,521 - site_detector - INFO - ✓ 网站可访问: https://finance.sina.com.cn/ (状态码: 200)
2025-06-30 19:41:42,529 - site_detector - INFO - ✓ 找到标题选择器: h2 (找到 1 个)
2025-06-30 19:41:42,530 - site_detector - INFO - ✓ 找到链接选择器: a[href*='finance.sina.com.cn'] (找到 201 个)
2025-06-30 19:41:42,584 - site_detector - INFO - ✓ 新浪财经: 网站结构检测通过
2025-06-30 19:41:43,585 - site_detector - INFO - 
正在检测: 腾讯财经
2025-06-30 19:41:43,586 - site_detector - INFO - 测试网站连通性: https://finance.qq.com/
2025-06-30 19:41:43,734 - site_detector - INFO - ✓ 网站可访问: https://finance.qq.com/ (状态码: 200)
2025-06-30 19:41:43,734 - site_detector - INFO - 测试网站连通性: https://finance.qq.com/
2025-06-30 19:41:43,951 - site_detector - INFO - ✓ 网站可访问: https://finance.qq.com/ (状态码: 200)
2025-06-30 19:41:43,955 - site_detector - WARNING - ⚠ 腾讯财经: 未找到有效的标题和链接选择器
2025-06-30 19:41:44,956 - site_detector - INFO - 
正在检测: 央视网财经
2025-06-30 19:41:44,957 - site_detector - INFO - 测试网站连通性: http://finance.cctv.com/
2025-06-30 19:41:45,000 - site_detector - INFO - ✓ 网站可访问: http://finance.cctv.com/ (状态码: 200)
2025-06-30 19:41:45,001 - site_detector - INFO - 测试网站连通性: http://finance.cctv.com/
2025-06-30 19:41:45,035 - site_detector - INFO - ✓ 网站可访问: http://finance.cctv.com/ (状态码: 200)
2025-06-30 19:41:45,043 - site_detector - INFO - ✓ 找到标题选择器: h2 (找到 8 个)
2025-06-30 19:41:45,044 - site_detector - INFO - ✓ 找到链接选择器: a[href*='finance.cctv.com'] (找到 55 个)
2025-06-30 19:41:45,051 - site_detector - INFO - ✓ 央视网财经: 网站结构检测通过
2025-06-30 19:41:46,052 - site_detector - INFO - 
正在检测: 人民网财经
2025-06-30 19:41:46,052 - site_detector - INFO - 测试网站连通性: http://finance.people.com.cn/
2025-06-30 19:41:46,082 - site_detector - INFO - ✓ 网站可访问: http://finance.people.com.cn/ (状态码: 200)
2025-06-30 19:41:46,082 - site_detector - INFO - 测试网站连通性: http://finance.people.com.cn/
2025-06-30 19:41:46,112 - site_detector - INFO - ✓ 网站可访问: http://finance.people.com.cn/ (状态码: 200)
2025-06-30 19:41:46,132 - site_detector - INFO - ✓ 找到标题选择器: h1 (找到 1 个)
2025-06-30 19:41:46,135 - site_detector - INFO - ✓ 找到链接选择器: a[href*='finance.people.com.cn'] (找到 70 个)
2025-06-30 19:41:46,155 - site_detector - INFO - ✓ 人民网财经: 网站结构检测通过
2025-06-30 19:41:47,204 - universal_spider - INFO - 使用指定网站: 网易财经
2025-06-30 19:41:47,204 - universal_spider - INFO - ✓ 选定网站: 网易财经
2025-06-30 19:41:47,204 - universal_spider - INFO - ✓ 网站地址: https://money.163.com/
2025-06-30 19:41:47,204 - universal_spider - INFO - 开始爬取 网易财经 新闻...
2025-06-30 19:41:49,161 - universal_spider - INFO - 正在提取新闻链接...
2025-06-30 19:41:49,167 - universal_spider - INFO - 使用选择器 'a[href*='money.163.com']' 找到 26 个链接
2025-06-30 19:41:49,168 - universal_spider - INFO - 找到 20 个新闻链接
2025-06-30 19:41:49,168 - universal_spider - INFO - 正在处理第 1/3 个新闻...
2025-06-30 19:41:51,514 - universal_spider - INFO - ✓ 成功: 网易财经ESG 更多...
2025-06-30 19:41:51,514 - universal_spider - INFO - 正在处理第 2/3 个新闻...
2025-06-30 19:41:53,220 - universal_spider - INFO - ✓ 成功: 涨跌幅限制放宽至10 哪些ST股迎调整？...
2025-06-30 19:41:53,220 - universal_spider - INFO - 正在处理第 3/3 个新闻...
2025-06-30 19:41:55,342 - universal_spider - INFO - ✓ 成功: 员工偷拍6岁女童，西贝亲子餐厅翻车！...
2025-06-30 19:41:55,342 - universal_spider - INFO - 爬取完成: 成功 3/3 条新闻
2025-06-30 19:48:48,661 - site_detector - INFO - 开始检测所有配置的新闻网站...
2025-06-30 19:48:48,661 - site_detector - INFO - 
正在检测: 网易财经
2025-06-30 19:48:48,661 - site_detector - INFO - 测试网站连通性: https://money.163.com/
2025-06-30 19:48:48,918 - site_detector - INFO - ✓ 网站可访问: https://money.163.com/ (状态码: 200)
2025-06-30 19:48:48,919 - site_detector - INFO - 测试网站连通性: https://money.163.com/
2025-06-30 19:48:49,017 - site_detector - INFO - ✓ 网站可访问: https://money.163.com/ (状态码: 200)
2025-06-30 19:48:49,082 - site_detector - INFO - ✓ 找到标题选择器: h1 (找到 1 个)
2025-06-30 19:48:49,088 - site_detector - INFO - ✓ 找到链接选择器: a[href*='money.163.com'] (找到 35 个)
2025-06-30 19:48:49,149 - site_detector - INFO - ✓ 网易财经: 网站结构检测通过
2025-06-30 19:48:50,149 - site_detector - INFO - 
正在检测: 新浪财经
2025-06-30 19:48:50,150 - site_detector - INFO - 测试网站连通性: https://finance.sina.com.cn/
2025-06-30 19:48:55,489 - site_detector - INFO - ✓ 网站可访问: https://finance.sina.com.cn/ (状态码: 200)
2025-06-30 19:48:55,489 - site_detector - INFO - 测试网站连通性: https://finance.sina.com.cn/
2025-06-30 19:48:56,947 - site_detector - INFO - ✓ 网站可访问: https://finance.sina.com.cn/ (状态码: 200)
2025-06-30 19:48:56,959 - site_detector - INFO - ✓ 找到标题选择器: h2 (找到 1 个)
2025-06-30 19:48:56,960 - site_detector - INFO - ✓ 找到链接选择器: a[href*='finance.sina.com.cn'] (找到 201 个)
2025-06-30 19:48:56,968 - site_detector - INFO - ✓ 新浪财经: 网站结构检测通过
2025-06-30 19:48:57,968 - site_detector - INFO - 
正在检测: 腾讯财经
2025-06-30 19:48:57,968 - site_detector - INFO - 测试网站连通性: https://finance.qq.com/
2025-06-30 19:48:58,404 - site_detector - INFO - ✓ 网站可访问: https://finance.qq.com/ (状态码: 200)
2025-06-30 19:48:58,405 - site_detector - INFO - 测试网站连通性: https://finance.qq.com/
2025-06-30 19:49:00,225 - site_detector - INFO - ✓ 网站可访问: https://finance.qq.com/ (状态码: 200)
2025-06-30 19:49:00,230 - site_detector - WARNING - ⚠ 腾讯财经: 未找到有效的标题和链接选择器
2025-06-30 19:49:01,230 - site_detector - INFO - 
正在检测: 央视网财经
2025-06-30 19:49:01,231 - site_detector - INFO - 测试网站连通性: http://finance.cctv.com/
2025-06-30 19:49:01,452 - site_detector - INFO - ✓ 网站可访问: http://finance.cctv.com/ (状态码: 200)
2025-06-30 19:49:01,452 - site_detector - INFO - 测试网站连通性: http://finance.cctv.com/
2025-06-30 19:49:01,489 - site_detector - INFO - ✓ 网站可访问: http://finance.cctv.com/ (状态码: 200)
2025-06-30 19:49:01,497 - site_detector - INFO - ✓ 找到标题选择器: h2 (找到 8 个)
2025-06-30 19:49:01,498 - site_detector - INFO - ✓ 找到链接选择器: a[href*='finance.cctv.com'] (找到 55 个)
2025-06-30 19:49:01,505 - site_detector - INFO - ✓ 央视网财经: 网站结构检测通过
2025-06-30 19:49:02,506 - site_detector - INFO - 
正在检测: 人民网财经
2025-06-30 19:49:02,507 - site_detector - INFO - 测试网站连通性: http://finance.people.com.cn/
2025-06-30 19:49:02,575 - site_detector - INFO - ✓ 网站可访问: http://finance.people.com.cn/ (状态码: 200)
2025-06-30 19:49:02,575 - site_detector - INFO - 测试网站连通性: http://finance.people.com.cn/
2025-06-30 19:49:02,601 - site_detector - INFO - ✓ 网站可访问: http://finance.people.com.cn/ (状态码: 200)
2025-06-30 19:49:02,623 - site_detector - INFO - ✓ 找到标题选择器: h1 (找到 1 个)
2025-06-30 19:49:02,626 - site_detector - INFO - ✓ 找到链接选择器: a[href*='finance.people.com.cn'] (找到 70 个)
2025-06-30 19:49:02,644 - site_detector - INFO - ✓ 人民网财经: 网站结构检测通过
2025-06-30 21:01:59,540 - universal_spider - INFO - 使用指定网站: 央视网财经
2025-06-30 21:01:59,540 - universal_spider - INFO - ✓ 选定网站: 央视网财经
2025-06-30 21:01:59,541 - universal_spider - INFO - ✓ 网站地址: http://finance.cctv.com/
2025-06-30 21:01:59,542 - universal_spider - INFO - 开始爬取 央视网财经 新闻...
2025-06-30 21:02:01,727 - universal_spider - INFO - 正在提取新闻链接...
2025-06-30 21:02:01,728 - universal_spider - INFO - 使用选择器 'a[href*='finance.cctv.com']' 找到 26 个链接
2025-06-30 21:02:01,728 - universal_spider - INFO - 找到 20 个新闻链接
2025-06-30 21:02:01,728 - universal_spider - INFO - 正在处理第 1/20 个新闻...
2025-06-30 21:02:03,421 - universal_spider - WARNING - ✗ 内容提取失败: https://finance.cctv.com
2025-06-30 21:02:03,421 - universal_spider - INFO - 正在处理第 2/20 个新闻...
2025-06-30 21:02:06,061 - universal_spider - WARNING - ✗ 内容提取失败: https://finance.cctv.com/index.shtml
2025-06-30 21:02:06,061 - universal_spider - INFO - 正在处理第 3/20 个新闻...
2025-06-30 21:02:07,887 - universal_spider - WARNING - ✗ 内容提取失败: https://finance.cctv.com/money/index.shtml
2025-06-30 21:02:07,887 - universal_spider - INFO - 正在处理第 4/20 个新闻...
2025-06-30 21:02:09,516 - universal_spider - WARNING - ✗ 内容提取失败: https://finance.cctv.com/business/index.shtml
2025-06-30 21:02:09,516 - universal_spider - INFO - 正在处理第 5/20 个新闻...
2025-06-30 21:02:12,220 - universal_spider - WARNING - ✗ 内容提取失败: https://finance.cctv.com/special/yunding/index.shtml
2025-06-30 21:02:12,220 - universal_spider - INFO - 正在处理第 6/20 个新闻...
2025-06-30 21:02:15,077 - universal_spider - WARNING - ✗ 内容提取失败: https://finance.cctv.com/special/2024yundinglecture/index.shtml
2025-06-30 21:02:15,077 - universal_spider - INFO - 正在处理第 7/20 个新闻...
2025-06-30 21:02:18,070 - universal_spider - WARNING - ✗ 内容提取失败: https://finance.cctv.com/special/ESG/index.shtml
2025-06-30 21:02:18,071 - universal_spider - INFO - 正在处理第 8/20 个新闻...
2025-06-30 21:02:20,103 - universal_spider - WARNING - ✗ 内容提取失败: https://finance.cctv.com/special/cjxgc/index.shtml?spm=C02773.PEgWtUrxhn9O.EyEL8lT9tx0N.3
2025-06-30 21:02:20,103 - universal_spider - INFO - 正在处理第 9/20 个新闻...
2025-06-30 21:02:21,578 - universal_spider - WARNING - ✗ 内容提取失败: https://finance.cctv.com/2024/04/03/VIDE7HEtXxLUzmYiapQQjnjA240403.shtml
2025-06-30 21:02:21,579 - universal_spider - INFO - 正在处理第 10/20 个新闻...
2025-06-30 21:02:23,898 - universal_spider - WARNING - ✗ 内容提取失败: https://finance.cctv.com/special/daguobaoxian/home/index.shtml
2025-06-30 21:02:23,898 - universal_spider - INFO - 正在处理第 11/20 个新闻...
2025-06-30 21:02:26,836 - universal_spider - INFO - ✓ 成功: 着力稳就业、稳企业、稳市场、稳预期 财政增量储备政策料适时推出...
2025-06-30 21:02:26,836 - universal_spider - INFO - 正在处理第 12/20 个新闻...
2025-06-30 21:02:29,296 - universal_spider - INFO - ✓ 成功: 首艘、首个、首场！上周末，我国多领域解锁新成就...
2025-06-30 21:02:29,296 - universal_spider - INFO - 正在处理第 13/20 个新闻...
2025-06-30 21:02:32,129 - universal_spider - WARNING - ✗ 内容提取失败: https://finance.cctv.com/2025/06/30/VIDEKCxQSQ9NuyWHvWw8Jea3250630.shtml
2025-06-30 21:02:32,129 - universal_spider - INFO - 正在处理第 14/20 个新闻...
2025-06-30 21:02:34,336 - universal_spider - INFO - ✓ 成功: 银行保险业普惠金融高质量发展方案发布 锚定未来五年目标 普惠信贷与普惠保险双轮驱动...
2025-06-30 21:02:34,336 - universal_spider - INFO - 正在处理第 15/20 个新闻...
2025-06-30 21:02:36,001 - universal_spider - INFO - ✓ 成功: 权重股发力 上证指数创今年以来新高 A股总市值刷新历史纪录...
2025-06-30 21:02:36,001 - universal_spider - INFO - 正在处理第 16/20 个新闻...
2025-06-30 21:02:38,521 - universal_spider - WARNING - ✗ 内容提取失败: https://finance.cctv.com/special/2024shijie/index.shtml?spm=C02773.PEgWtUrxhn9O.EHl08z4K71E3.34
2025-06-30 21:02:38,521 - universal_spider - INFO - 正在处理第 17/20 个新闻...
2025-06-30 21:02:40,227 - universal_spider - WARNING - ✗ 内容提取失败: https://finance.cctv.com/2024/03/05/VIDEwfF6fPaautaCz8MmYaUC240305.shtml?spm=C07928002773.Py7Iio45qMex.0.0
2025-06-30 21:02:40,228 - universal_spider - INFO - 正在处理第 18/20 个新闻...
2025-06-30 21:02:42,078 - universal_spider - WARNING - ✗ 内容提取失败: https://finance.cctv.com/special/ydxsj/index.shtml
2025-06-30 21:02:42,078 - universal_spider - INFO - 正在处理第 19/20 个新闻...
2025-06-30 21:02:44,089 - universal_spider - WARNING - ✗ 内容提取失败: https://finance.cctv.com/2024/03/29/VIDEnOIhVNMFab0I7D3C7INd240329.shtml?spm=C02773.Phgt0nhPCa14.E3NhNgG8EurE.4
2025-06-30 21:02:44,090 - universal_spider - INFO - 正在处理第 20/20 个新闻...
2025-06-30 21:02:45,898 - universal_spider - WARNING - ✗ 内容提取失败: https://finance.cctv.com/special/zzl/home/index.shtml
2025-06-30 21:02:45,899 - universal_spider - INFO - 爬取完成: 成功 4/20 条新闻
2025-07-02 16:08:54,723 - INFO - 成功获取页面: https://money.163.com/
2025-07-02 16:08:57,568 - INFO - 成功获取页面: https://money.163.com/
2025-07-02 16:08:57,691 - INFO - 从首页获取到 213 个新闻链接
